65
Graph: 358
[[0 0 0 0 0 0 0 0 1]
 [0 0 0 0 1 0 1 0 0]
 [0 0 0 0 0 1 0 1 0]
 [0 0 0 0 1 1 0 0 1]
 [0 1 0 1 0 0 0 0 1]
 [0 0 1 1 0 0 0 0 1]
 [0 1 0 0 0 0 0 1 1]
 [0 0 1 0 0 0 1 0 1]
 [1 0 0 1 1 1 1 1 0]]
--- SharcNET Job Epilogue ---
              job id: 4800798
         exit status: 0
            cpu time: 119.6h / 168.0h (71 %)
        elapsed time: 119.7h / 168.0h (71 %)
      virtual memory: 1.8G / 2.0G (91 %)

Job completed successfully
WARNING: Job only used 71 % of its requested walltime.
WARNING: Job only used 71 % of its requested cpu time.
