12
Graph: 305
[[0 0 0 0 0 0 0 0 1]
 [0 0 1 0 0 0 1 0 0]
 [0 1 0 0 0 0 0 1 0]
 [0 0 0 0 1 0 1 0 1]
 [0 0 0 1 0 0 0 1 1]
 [0 0 0 0 0 0 1 1 1]
 [0 1 0 1 0 1 0 0 0]
 [0 0 1 0 1 1 0 0 0]
 [1 0 0 1 1 1 0 0 0]]
--- SharcNET Job Epilogue ---
              job id: 4800745
         exit status: 0
            cpu time: 82.3h / 168.0h (48 %)
        elapsed time: 82.6h / 168.0h (49 %)
      virtual memory: 1.8G / 2.0G (91 %)

Job completed successfully
WARNING: Job only used 49 % of its requested walltime.
WARNING: Job only used 48 % of its requested cpu time.
