54
Graph: 347
[[0 0 0 0 1 0 0 0 0]
 [0 0 0 0 0 1 0 0 1]
 [0 0 0 0 0 0 0 1 1]
 [0 0 0 0 0 1 1 0 0]
 [1 0 0 0 0 1 0 1 0]
 [0 1 0 1 1 0 0 0 0]
 [0 0 0 1 0 0 0 1 1]
 [0 0 1 0 1 0 1 0 1]
 [0 1 1 0 0 0 1 1 0]]
--- SharcNET Job Epilogue ---
              job id: 4800787
         exit status: 0
            cpu time: 127.8h / 168.0h (76 %)
        elapsed time: 128.3h / 168.0h (76 %)
      virtual memory: 1.8G / 2.0G (91 %)

Job completed successfully
WARNING: Job only used 76 % of its requested walltime.
WARNING: Job only used 76 % of its requested cpu time.
