66
Graph: 359
[[0 0 0 0 0 0 0 0 1]
 [0 0 1 0 0 0 1 0 0]
 [0 1 0 0 0 0 0 1 0]
 [0 0 0 0 1 1 0 0 1]
 [0 0 0 1 0 0 1 0 1]
 [0 0 0 1 0 0 0 1 1]
 [0 1 0 0 1 0 0 0 1]
 [0 0 1 0 0 1 0 0 1]
 [1 0 0 1 1 1 1 1 0]]
--- SharcNET Job Epilogue ---
              job id: 4800799
         exit status: 0
            cpu time: 81.5h / 168.0h (48 %)
        elapsed time: 81.8h / 168.0h (48 %)
      virtual memory: 1.8G / 2.0G (91 %)

Job completed successfully
WARNING: Job only used 48 % of its requested walltime.
WARNING: Job only used 48 % of its requested cpu time.
