29
Graph: 322
[[0 0 0 0 0 0 0 0 1]
 [0 0 0 0 0 0 0 1 0]
 [0 0 0 0 0 1 0 1 0]
 [0 0 0 0 1 0 1 0 0]
 [0 0 0 1 0 0 0 1 1]
 [0 0 1 0 0 0 1 0 1]
 [0 0 0 1 0 1 0 0 1]
 [0 1 1 0 1 0 0 0 0]
 [1 0 0 0 1 1 1 0 0]]
--- SharcNET Job Epilogue ---
              job id: 4800762
         exit status: 0
            cpu time: 71.8h / 168.0h (42 %)
        elapsed time: 72.1h / 168.0h (42 %)
      virtual memory: 1.8G / 2.0G (91 %)

Job completed successfully
WARNING: Job only used 42 % of its requested walltime.
WARNING: Job only used 42 % of its requested cpu time.
