50
Graph: 343
[[0 0 0 0 0 0 0 0 1]
 [0 0 0 0 0 0 0 1 1]
 [0 0 0 0 1 0 0 1 0]
 [0 0 0 0 0 0 1 1 0]
 [0 0 1 0 0 1 0 0 0]
 [0 0 0 0 1 0 1 0 1]
 [0 0 0 1 0 1 0 0 1]
 [0 1 1 1 0 0 0 0 0]
 [1 1 0 0 0 1 1 0 0]]
--- SharcNET Job Epilogue ---
              job id: 4800783
         exit status: 0
            cpu time: 117.5h / 168.0h (69 %)
        elapsed time: 117.9h / 168.0h (70 %)
      virtual memory: 1.8G / 2.0G (91 %)

Job completed successfully
WARNING: Job only used 70 % of its requested walltime.
WARNING: Job only used 69 % of its requested cpu time.
